c:\users\iciar\cis660\polyx_all\tesy\tesy\x64\debug\vc140.pdb
c:\users\iciar\cis660\polyx_all\tesy\tesy\x64\debug\vc140.idb
c:\users\iciar\cis660\polyx_all\tesy\tesy\x64\debug\vec.obj
c:\users\iciar\cis660\polyx_all\tesy\tesy\x64\debug\segment.obj
c:\users\iciar\cis660\polyx_all\tesy\tesy\x64\debug\tesy_wrap.obj
c:\users\iciar\cis660\polyx_all\tesy\tesy\tesy_wrap.cpp
c:\users\iciar\cis660\polyx_all\tesy\tesy\bin\tesy.py
c:\users\iciar\cis660\polyx_all\tesy\tesy\bin\_tesy.ilk
c:\users\iciar\cis660\polyx_all\tesy\tesy\bin\_tesy.pyd
c:\users\iciar\cis660\polyx_all\tesy\tesy\bin\_tesy.pdb
c:\users\iciar\cis660\polyx_all\tesy\tesy\\bin\_tesy.pdb
c:\users\iciar\cis660\polyx_all\tesy\tesy\x64\debug\tesy.tlog\cl.command.1.tlog
c:\users\iciar\cis660\polyx_all\tesy\tesy\x64\debug\tesy.tlog\cl.read.1.tlog
c:\users\iciar\cis660\polyx_all\tesy\tesy\x64\debug\tesy.tlog\cl.write.1.tlog
c:\users\iciar\cis660\polyx_all\tesy\tesy\x64\debug\tesy.tlog\custombuild.command.1.tlog
c:\users\iciar\cis660\polyx_all\tesy\tesy\x64\debug\tesy.tlog\custombuild.read.1.tlog
c:\users\iciar\cis660\polyx_all\tesy\tesy\x64\debug\tesy.tlog\custombuild.write.1.tlog
c:\users\iciar\cis660\polyx_all\tesy\tesy\x64\debug\tesy.tlog\link.18848.read.1.tlog
c:\users\iciar\cis660\polyx_all\tesy\tesy\x64\debug\tesy.tlog\link.18848.write.1.tlog
c:\users\iciar\cis660\polyx_all\tesy\tesy\x64\debug\tesy.tlog\link.command.1.tlog
c:\users\iciar\cis660\polyx_all\tesy\tesy\x64\debug\tesy.tlog\link.read.1.tlog
c:\users\iciar\cis660\polyx_all\tesy\tesy\x64\debug\tesy.tlog\link.write.1.tlog
